[debug] [2021-06-16T03:52:41.634Z] ----------------------------------------------------------------------
[debug] [2021-06-16T03:52:41.637Z] Command:       C:\Program Files\nodejs\node.exe C:\Users\CHIRAG\AppData\Roaming\npm\node_modules\firebase-tools\lib\bin\firebase.js emulators:start
[debug] [2021-06-16T03:52:41.637Z] CLI Version:   9.12.1
[debug] [2021-06-16T03:52:41.637Z] Platform:      win32
[debug] [2021-06-16T03:52:41.637Z] Node Version:  v12.18.1
[debug] [2021-06-16T03:52:41.639Z] Time:          Wed Jun 16 2021 09:22:41 GMT+0530 (India Standard Time)
[debug] [2021-06-16T03:52:41.639Z] ----------------------------------------------------------------------
[debug] 
[debug] [2021-06-16T03:52:41.690Z] > command requires scopes: ["email","openid","https://www.googleapis.com/auth/cloudplatformprojects.readonly","https://www.googleapis.com/auth/firebase","https://www.googleapis.com/auth/cloud-platform"]
[debug] [2021-06-16T03:52:41.690Z] > authorizing via signed-in user (chiragbhayana2k@gmail.com)
[info] i  emulators: Starting emulators: functions, hosting {"metadata":{"emulator":{"name":"hub"},"message":"Starting emulators: functions, hosting"}}
[warn] !  emulators: It seems that you are running multiple instances of the emulator suite for project clone-cabec. This may result in unexpected behavior. 
[debug] [2021-06-16T03:52:43.764Z] [hub] writing locator at C:\Users\CHIRAG\AppData\Local\Temp\hub-clone-cabec.json
[warn] !  functions: The following emulators are not running, calls to these services from the Functions emulator will affect production: auth, firestore, database, pubsub, storage {"metadata":{"emulator":{"name":"functions"},"message":"The following emulators are not running, calls to these services from the Functions emulator will affect production: \u001b[1mauth, firestore, database, pubsub, storage\u001b[22m"}}
[warn] !  Your requested "node" version "14" doesn't match your global version "12" {"metadata":{"emulator":{"name":"functions"},"message":"Your requested \"node\" version \"14\" doesn't match your global version \"12\""}}
[debug] [2021-06-16T03:52:46.030Z] defaultcredentials: writing to file C:\Users\CHIRAG\AppData\Roaming\firebase\chiragbhayana2k_gmail_com_application_default_credentials.json
[debug] [2021-06-16T03:52:46.032Z] Setting GAC to C:\Users\CHIRAG\AppData\Roaming\firebase\chiragbhayana2k_gmail_com_application_default_credentials.json {"metadata":{"emulator":{"name":"functions"},"message":"Setting GAC to C:\\Users\\CHIRAG\\AppData\\Roaming\\firebase\\chiragbhayana2k_gmail_com_application_default_credentials.json"}}
[debug] [2021-06-16T03:52:46.035Z] > refreshing access token with scopes: []
[debug] [2021-06-16T03:52:46.036Z] >>> HTTP REQUEST POST https://www.googleapis.com/oauth2/v3/token  
 <request body omitted>
[debug] [2021-06-16T03:52:46.509Z] <<< HTTP RESPONSE 200 {"expires":"Mon, 01 Jan 1990 00:00:00 GMT","date":"Wed, 16 Jun 2021 03:52:45 GMT","cache-control":"no-cache, no-store, max-age=0, must-revalidate","pragma":"no-cache","content-type":"application/json; charset=utf-8","vary":"X-Origin, Referer, Origin,Accept-Encoding","server":"scaffolding on HTTPServer2","x-xss-protection":"0","x-frame-options":"SAMEORIGIN","x-content-type-options":"nosniff","alt-svc":"h3=\":443\"; ma=2592000,h3-29=\":443\"; ma=2592000,h3-T051=\":443\"; ma=2592000,h3-Q050=\":443\"; ma=2592000,h3-Q046=\":443\"; ma=2592000,h3-Q043=\":443\"; ma=2592000,quic=\":443\"; ma=2592000; v=\"46,43\"","accept-ranges":"none","transfer-encoding":"chunked"}
[debug] [2021-06-16T03:52:46.526Z] >>> [apiv2][query] GET https://firebase.googleapis.com/v1beta1/projects/clone-cabec/adminSdkConfig [none]
[debug] [2021-06-16T03:52:47.496Z] <<< [apiv2][status] GET https://firebase.googleapis.com/v1beta1/projects/clone-cabec/adminSdkConfig 200
[debug] [2021-06-16T03:52:47.496Z] <<< [apiv2][body] GET https://firebase.googleapis.com/v1beta1/projects/clone-cabec/adminSdkConfig {"projectId":"clone-cabec","storageBucket":"clone-cabec.appspot.com","locationId":"us-central"}
[debug] [2021-06-16T03:52:49.541Z] >>> [apiv2][query] GET https://firebasehosting.googleapis.com/v1beta1/projects/clone-cabec/sites 
[debug] [2021-06-16T03:52:51.566Z] <<< [apiv2][status] GET https://firebasehosting.googleapis.com/v1beta1/projects/clone-cabec/sites 200
[debug] [2021-06-16T03:52:51.566Z] <<< [apiv2][body] GET https://firebasehosting.googleapis.com/v1beta1/projects/clone-cabec/sites {"sites":[{"name":"projects/733182573800/sites/clone-cabec","defaultUrl":"https://clone-cabec.web.app","appId":"1:733182573800:web:da6e5655543a8c1a171d5d","type":"DEFAULT_SITE"}]}
[debug] [2021-06-16T03:52:51.567Z] >>> [apiv2][query] GET https://firebase.googleapis.com/v1beta1/projects/clone-cabec/webApps/1:733182573800:web:da6e5655543a8c1a171d5d/config [none]
[debug] [2021-06-16T03:52:53.212Z] <<< [apiv2][status] GET https://firebase.googleapis.com/v1beta1/projects/clone-cabec/webApps/1:733182573800:web:da6e5655543a8c1a171d5d/config 200
[debug] [2021-06-16T03:52:53.212Z] <<< [apiv2][body] GET https://firebase.googleapis.com/v1beta1/projects/clone-cabec/webApps/1:733182573800:web:da6e5655543a8c1a171d5d/config {"projectId":"clone-cabec","appId":"1:733182573800:web:da6e5655543a8c1a171d5d","storageBucket":"clone-cabec.appspot.com","locationId":"us-central","apiKey":"AIzaSyBbPmyOpurHreyYcV_IkQc_ONV_MqVKjX4","authDomain":"clone-cabec.firebaseapp.com","messagingSenderId":"733182573800","measurementId":"G-JRJ73KV7J7"}
[info] i  hosting: Serving hosting files from: build {"metadata":{"emulator":{"name":"hosting"},"message":"Serving hosting files from: \u001b[1mbuild\u001b[22m"}}
[info] +  hosting: Local server: http://localhost:5000 {"metadata":{"emulator":{"name":"hosting"},"message":"Local server: \u001b[4m\u001b[1mhttp://localhost:5000\u001b[22m\u001b[24m"}}
[debug] [2021-06-16T03:52:57.331Z] Ignoring unsupported arg: auto_download {"metadata":{"emulator":{"name":"ui"},"message":"Ignoring unsupported arg: auto_download"}}
[debug] [2021-06-16T03:52:57.332Z] Ignoring unsupported arg: port {"metadata":{"emulator":{"name":"ui"},"message":"Ignoring unsupported arg: port"}}
[debug] [2021-06-16T03:52:57.332Z] Starting Emulator UI with command {"binary":"node","args":["C:\\Users\\CHIRAG\\.cache\\firebase\\emulators\\ui-v1.5.0\\server.bundle.js"],"optionalArgs":[],"joinArgs":false} {"metadata":{"emulator":{"name":"ui"},"message":"Starting Emulator UI with command {\"binary\":\"node\",\"args\":[\"C:\\\\Users\\\\CHIRAG\\\\.cache\\\\firebase\\\\emulators\\\\ui-v1.5.0\\\\server.bundle.js\"],\"optionalArgs\":[],\"joinArgs\":false}"}}
[info] i  ui: Emulator UI logging to ui-debug.log {"metadata":{"emulator":{"name":"ui"},"message":"Emulator UI logging to \u001b[1mui-debug.log\u001b[22m"}}
[debug] [2021-06-16T03:52:57.500Z] Web / API server started at http://localhost:4000
 {"metadata":{"emulator":{"name":"ui"},"message":"Web / API server started at http://localhost:4000\n"}}
[info] i  functions: Watching "D:\College\Interview\Project\amazonClone\amazon-clone\functions" for Cloud Functions... {"metadata":{"emulator":{"name":"functions"},"message":"Watching \"D:\\College\\Interview\\Project\\amazonClone\\amazon-clone\\functions\" for Cloud Functions..."}}
[debug] [2021-06-16T03:52:57.877Z] [worker-pool] addWorker(~diagnostic~) {"metadata":{"emulator":{"name":"functions"},"message":"[worker-pool] addWorker(~diagnostic~)"}}
[debug] [2021-06-16T03:52:57.877Z] [worker-pool] Adding worker with key ~diagnostic~, total=1 {"metadata":{"emulator":{"name":"functions"},"message":"[worker-pool] Adding worker with key ~diagnostic~, total=1"}}
[debug] [2021-06-16T03:52:57.878Z] [worker-pool] submitWork(triggerId=) {"metadata":{"emulator":{"name":"functions"},"message":"[worker-pool] submitWork(triggerId=)"}}
[debug] [2021-06-16T03:52:57.878Z] [worker-~diagnostic~-2010198d-2fab-41df-9fb5-997c5f18a1c1]: Assigning socketPath: \\?\pipe\D:\College\Interview\Project\amazonClone\amazon-clone\functions\20704 {"metadata":{"emulator":{"name":"functions"},"message":"[worker-~diagnostic~-2010198d-2fab-41df-9fb5-997c5f18a1c1]: Assigning socketPath: \\\\?\\pipe\\D:\\College\\Interview\\Project\\amazonClone\\amazon-clone\\functions\\20704"}}
[debug] [2021-06-16T03:52:57.879Z] [worker-~diagnostic~-2010198d-2fab-41df-9fb5-997c5f18a1c1]: BUSY {"metadata":{"emulator":{"name":"functions"},"message":"[worker-~diagnostic~-2010198d-2fab-41df-9fb5-997c5f18a1c1]: BUSY"}}
[debug] [2021-06-16T03:52:58.196Z] [runtime-status] [20704] Functions runtime initialized. {"cwd":"D:\\College\\Interview\\Project\\amazonClone\\amazon-clone\\functions","node_version":"12.18.1"} {"metadata":{"emulator":{"name":"functions"},"message":"[runtime-status] [20704] Functions runtime initialized. {\"cwd\":\"D:\\\\College\\\\Interview\\\\Project\\\\amazonClone\\\\amazon-clone\\\\functions\",\"node_version\":\"12.18.1\"}"}}
[debug] [2021-06-16T03:52:58.197Z] [runtime-status] [20704] Disabled runtime features: undefined {"metadata":{"emulator":{"name":"functions"},"message":"[runtime-status] [20704] Disabled runtime features: undefined"}}
[debug] [2021-06-16T03:52:58.294Z] [runtime-status] [20704] Resolved module firebase-admin {"declared":true,"installed":true,"version":"9.9.0","resolution":"D:\\College\\Interview\\Project\\amazonClone\\amazon-clone\\functions\\node_modules\\firebase-admin\\lib\\index.js"} {"metadata":{"emulator":{"name":"functions"},"message":"[runtime-status] [20704] Resolved module firebase-admin {\"declared\":true,\"installed\":true,\"version\":\"9.9.0\",\"resolution\":\"D:\\\\College\\\\Interview\\\\Project\\\\amazonClone\\\\amazon-clone\\\\functions\\\\node_modules\\\\firebase-admin\\\\lib\\\\index.js\"}"}}
[debug] [2021-06-16T03:52:58.688Z] [runtime-status] [20704] Resolved module firebase-functions {"declared":true,"installed":true,"version":"3.14.1","resolution":"D:\\College\\Interview\\Project\\amazonClone\\amazon-clone\\functions\\node_modules\\firebase-functions\\lib\\index.js"} {"metadata":{"emulator":{"name":"functions"},"message":"[runtime-status] [20704] Resolved module firebase-functions {\"declared\":true,\"installed\":true,\"version\":\"3.14.1\",\"resolution\":\"D:\\\\College\\\\Interview\\\\Project\\\\amazonClone\\\\amazon-clone\\\\functions\\\\node_modules\\\\firebase-functions\\\\lib\\\\index.js\"}"}}
[debug] [2021-06-16T03:52:58.689Z] [runtime-status] [20704] Resolved module firebase-functions {"declared":true,"installed":true,"version":"3.14.1","resolution":"D:\\College\\Interview\\Project\\amazonClone\\amazon-clone\\functions\\node_modules\\firebase-functions\\lib\\index.js"} {"metadata":{"emulator":{"name":"functions"},"message":"[runtime-status] [20704] Resolved module firebase-functions {\"declared\":true,\"installed\":true,\"version\":\"3.14.1\",\"resolution\":\"D:\\\\College\\\\Interview\\\\Project\\\\amazonClone\\\\amazon-clone\\\\functions\\\\node_modules\\\\firebase-functions\\\\lib\\\\index.js\"}"}}
[debug] [2021-06-16T03:52:58.689Z] [runtime-status] [20704] Outgoing network have been stubbed. [{"name":"http","status":"mocked"},{"name":"http","status":"mocked"},{"name":"https","status":"mocked"},{"name":"https","status":"mocked"},{"name":"net","status":"mocked"}] {"metadata":{"emulator":{"name":"functions"},"message":"[runtime-status] [20704] Outgoing network have been stubbed. [{\"name\":\"http\",\"status\":\"mocked\"},{\"name\":\"http\",\"status\":\"mocked\"},{\"name\":\"https\",\"status\":\"mocked\"},{\"name\":\"https\",\"status\":\"mocked\"},{\"name\":\"net\",\"status\":\"mocked\"}]"}}
[debug] [2021-06-16T03:52:58.689Z] [runtime-status] [20704] Resolved module firebase-functions {"declared":true,"installed":true,"version":"3.14.1","resolution":"D:\\College\\Interview\\Project\\amazonClone\\amazon-clone\\functions\\node_modules\\firebase-functions\\lib\\index.js"} {"metadata":{"emulator":{"name":"functions"},"message":"[runtime-status] [20704] Resolved module firebase-functions {\"declared\":true,\"installed\":true,\"version\":\"3.14.1\",\"resolution\":\"D:\\\\College\\\\Interview\\\\Project\\\\amazonClone\\\\amazon-clone\\\\functions\\\\node_modules\\\\firebase-functions\\\\lib\\\\index.js\"}"}}
[debug] [2021-06-16T03:53:03.024Z] [runtime-status] [20704] Checked functions.config() {"config":{}} {"metadata":{"emulator":{"name":"functions"},"message":"[runtime-status] [20704] Checked functions.config() {\"config\":{}}"}}
[debug] [2021-06-16T03:53:03.024Z] [runtime-status] [20704] firebase-functions has been stubbed. {"functionsResolution":{"declared":true,"installed":true,"version":"3.14.1","resolution":"D:\\College\\Interview\\Project\\amazonClone\\amazon-clone\\functions\\node_modules\\firebase-functions\\lib\\index.js"}} {"metadata":{"emulator":{"name":"functions"},"message":"[runtime-status] [20704] firebase-functions has been stubbed. {\"functionsResolution\":{\"declared\":true,\"installed\":true,\"version\":\"3.14.1\",\"resolution\":\"D:\\\\College\\\\Interview\\\\Project\\\\amazonClone\\\\amazon-clone\\\\functions\\\\node_modules\\\\firebase-functions\\\\lib\\\\index.js\"}}"}}
[debug] [2021-06-16T03:53:03.025Z] [runtime-status] [20704] Resolved module firebase-functions {"declared":true,"installed":true,"version":"3.14.1","resolution":"D:\\College\\Interview\\Project\\amazonClone\\amazon-clone\\functions\\node_modules\\firebase-functions\\lib\\index.js"} {"metadata":{"emulator":{"name":"functions"},"message":"[runtime-status] [20704] Resolved module firebase-functions {\"declared\":true,\"installed\":true,\"version\":\"3.14.1\",\"resolution\":\"D:\\\\College\\\\Interview\\\\Project\\\\amazonClone\\\\amazon-clone\\\\functions\\\\node_modules\\\\firebase-functions\\\\lib\\\\index.js\"}"}}
[debug] [2021-06-16T03:53:03.026Z] [runtime-status] [20704] Resolved module firebase-admin {"declared":true,"installed":true,"version":"9.9.0","resolution":"D:\\College\\Interview\\Project\\amazonClone\\amazon-clone\\functions\\node_modules\\firebase-admin\\lib\\index.js"} {"metadata":{"emulator":{"name":"functions"},"message":"[runtime-status] [20704] Resolved module firebase-admin {\"declared\":true,\"installed\":true,\"version\":\"9.9.0\",\"resolution\":\"D:\\\\College\\\\Interview\\\\Project\\\\amazonClone\\\\amazon-clone\\\\functions\\\\node_modules\\\\firebase-admin\\\\lib\\\\index.js\"}"}}
[debug] [2021-06-16T03:53:03.027Z] [runtime-status] [20704] Resolved module firebase-functions {"declared":true,"installed":true,"version":"3.14.1","resolution":"D:\\College\\Interview\\Project\\amazonClone\\amazon-clone\\functions\\node_modules\\firebase-functions\\lib\\index.js"} {"metadata":{"emulator":{"name":"functions"},"message":"[runtime-status] [20704] Resolved module firebase-functions {\"declared\":true,\"installed\":true,\"version\":\"3.14.1\",\"resolution\":\"D:\\\\College\\\\Interview\\\\Project\\\\amazonClone\\\\amazon-clone\\\\functions\\\\node_modules\\\\firebase-functions\\\\lib\\\\index.js\"}"}}
[debug] [2021-06-16T03:53:03.027Z] [runtime-status] [20704] firebase-admin has been stubbed. {"adminResolution":{"declared":true,"installed":true,"version":"9.9.0","resolution":"D:\\College\\Interview\\Project\\amazonClone\\amazon-clone\\functions\\node_modules\\firebase-admin\\lib\\index.js"}} {"metadata":{"emulator":{"name":"functions"},"message":"[runtime-status] [20704] firebase-admin has been stubbed. {\"adminResolution\":{\"declared\":true,\"installed\":true,\"version\":\"9.9.0\",\"resolution\":\"D:\\\\College\\\\Interview\\\\Project\\\\amazonClone\\\\amazon-clone\\\\functions\\\\node_modules\\\\firebase-admin\\\\lib\\\\index.js\"}}"}}
[info] +  functions[us-central1-api]: http function initialized (http://localhost:5001/clone-cabec/us-central1/api). {"metadata":{"emulator":{"name":"functions"},"message":"\u001b[1mhttp\u001b[22m function initialized (http://localhost:5001/clone-cabec/us-central1/api)."}}
[info] 
┌─────────────────────────────────────────────────────────────┐
│ ✔  All emulators ready! It is now safe to connect your app. │
│ i  View Emulator UI at http://localhost:4000                │
└─────────────────────────────────────────────────────────────┘

┌───────────┬────────────────┬─────────────────────────────────┐
│ Emulator  │ Host:Port      │ View in Emulator UI             │
├───────────┼────────────────┼─────────────────────────────────┤
│ Functions │ localhost:5001 │ http://localhost:4000/functions │
├───────────┼────────────────┼─────────────────────────────────┤
│ Hosting   │ localhost:5000 │ n/a                             │
└───────────┴────────────────┴─────────────────────────────────┘
  Emulator Hub running at localhost:4400
  Other reserved ports: 4500

Issues? Report them at https://github.com/firebase/firebase-tools/issues and attach the *-debug.log files.
 
[debug] [2021-06-16T03:53:11.500Z] [worker-~diagnostic~-2010198d-2fab-41df-9fb5-997c5f18a1c1]: IDLE {"metadata":{"emulator":{"name":"functions"},"message":"[worker-~diagnostic~-2010198d-2fab-41df-9fb5-997c5f18a1c1]: IDLE"}}
[debug] [2021-06-16T03:56:50.755Z] [work-queue] {"queueLength":1,"workRunningCount":0}
[debug] [2021-06-16T03:56:50.755Z] [work-queue] {"queueLength":0,"workRunningCount":1}
[debug] [2021-06-16T03:56:50.756Z] Accepted request POST /clone-cabec/us-central1/api/payments/create?total=14200000 --> us-central1-api
[debug] [2021-06-16T03:56:50.770Z] [worker-pool] addWorker(us-central1-api) {"metadata":{"emulator":{"name":"functions"},"message":"[worker-pool] addWorker(us-central1-api)"}}
[debug] [2021-06-16T03:56:50.770Z] [worker-pool] Adding worker with key us-central1-api, total=1 {"metadata":{"emulator":{"name":"functions"},"message":"[worker-pool] Adding worker with key us-central1-api, total=1"}}
[debug] [2021-06-16T03:56:50.770Z] [worker-pool] submitWork(triggerId=us-central1-api) {"metadata":{"emulator":{"name":"functions"},"message":"[worker-pool] submitWork(triggerId=us-central1-api)"}}
[debug] [2021-06-16T03:56:50.770Z] [worker-us-central1-api-b04d4629-2cec-4640-94b5-cb75374e6fa2]: Assigning socketPath: \\?\pipe\D:\College\Interview\Project\amazonClone\amazon-clone\functions\18204 {"metadata":{"emulator":{"name":"functions"},"message":"[worker-us-central1-api-b04d4629-2cec-4640-94b5-cb75374e6fa2]: Assigning socketPath: \\\\?\\pipe\\D:\\College\\Interview\\Project\\amazonClone\\amazon-clone\\functions\\18204"}}
[debug] [2021-06-16T03:56:50.771Z] [worker-us-central1-api-b04d4629-2cec-4640-94b5-cb75374e6fa2]: BUSY {"metadata":{"emulator":{"name":"functions"},"message":"[worker-us-central1-api-b04d4629-2cec-4640-94b5-cb75374e6fa2]: BUSY"}}
[debug] [2021-06-16T03:56:51.145Z] [runtime-status] [18204] Functions runtime initialized. {"cwd":"D:\\College\\Interview\\Project\\amazonClone\\amazon-clone\\functions","node_version":"12.18.1"} {"metadata":{"emulator":{"name":"functions"},"function":{"name":"us-central1-api"},"message":"[runtime-status] [18204] Functions runtime initialized. {\"cwd\":\"D:\\\\College\\\\Interview\\\\Project\\\\amazonClone\\\\amazon-clone\\\\functions\",\"node_version\":\"12.18.1\"}"}}
[debug] [2021-06-16T03:56:51.146Z] [runtime-status] [18204] Disabled runtime features: undefined {"metadata":{"emulator":{"name":"functions"},"function":{"name":"us-central1-api"},"message":"[runtime-status] [18204] Disabled runtime features: undefined"}}
[debug] [2021-06-16T03:56:51.210Z] [runtime-status] [18204] Resolved module firebase-admin {"declared":true,"installed":true,"version":"9.9.0","resolution":"D:\\College\\Interview\\Project\\amazonClone\\amazon-clone\\functions\\node_modules\\firebase-admin\\lib\\index.js"} {"metadata":{"emulator":{"name":"functions"},"function":{"name":"us-central1-api"},"message":"[runtime-status] [18204] Resolved module firebase-admin {\"declared\":true,\"installed\":true,\"version\":\"9.9.0\",\"resolution\":\"D:\\\\College\\\\Interview\\\\Project\\\\amazonClone\\\\amazon-clone\\\\functions\\\\node_modules\\\\firebase-admin\\\\lib\\\\index.js\"}"}}
[debug] [2021-06-16T03:56:51.260Z] [runtime-status] [18204] Resolved module firebase-functions {"declared":true,"installed":true,"version":"3.14.1","resolution":"D:\\College\\Interview\\Project\\amazonClone\\amazon-clone\\functions\\node_modules\\firebase-functions\\lib\\index.js"} {"metadata":{"emulator":{"name":"functions"},"function":{"name":"us-central1-api"},"message":"[runtime-status] [18204] Resolved module firebase-functions {\"declared\":true,\"installed\":true,\"version\":\"3.14.1\",\"resolution\":\"D:\\\\College\\\\Interview\\\\Project\\\\amazonClone\\\\amazon-clone\\\\functions\\\\node_modules\\\\firebase-functions\\\\lib\\\\index.js\"}"}}
[debug] [2021-06-16T03:56:51.262Z] [runtime-status] [18204] Resolved module firebase-functions {"declared":true,"installed":true,"version":"3.14.1","resolution":"D:\\College\\Interview\\Project\\amazonClone\\amazon-clone\\functions\\node_modules\\firebase-functions\\lib\\index.js"} {"metadata":{"emulator":{"name":"functions"},"function":{"name":"us-central1-api"},"message":"[runtime-status] [18204] Resolved module firebase-functions {\"declared\":true,\"installed\":true,\"version\":\"3.14.1\",\"resolution\":\"D:\\\\College\\\\Interview\\\\Project\\\\amazonClone\\\\amazon-clone\\\\functions\\\\node_modules\\\\firebase-functions\\\\lib\\\\index.js\"}"}}
[debug] [2021-06-16T03:56:51.266Z] [runtime-status] [18204] Outgoing network have been stubbed. [{"name":"http","status":"mocked"},{"name":"http","status":"mocked"},{"name":"https","status":"mocked"},{"name":"https","status":"mocked"},{"name":"net","status":"mocked"}] {"metadata":{"emulator":{"name":"functions"},"function":{"name":"us-central1-api"},"message":"[runtime-status] [18204] Outgoing network have been stubbed. [{\"name\":\"http\",\"status\":\"mocked\"},{\"name\":\"http\",\"status\":\"mocked\"},{\"name\":\"https\",\"status\":\"mocked\"},{\"name\":\"https\",\"status\":\"mocked\"},{\"name\":\"net\",\"status\":\"mocked\"}]"}}
[debug] [2021-06-16T03:56:51.267Z] [runtime-status] [18204] Resolved module firebase-functions {"declared":true,"installed":true,"version":"3.14.1","resolution":"D:\\College\\Interview\\Project\\amazonClone\\amazon-clone\\functions\\node_modules\\firebase-functions\\lib\\index.js"} {"metadata":{"emulator":{"name":"functions"},"function":{"name":"us-central1-api"},"message":"[runtime-status] [18204] Resolved module firebase-functions {\"declared\":true,\"installed\":true,\"version\":\"3.14.1\",\"resolution\":\"D:\\\\College\\\\Interview\\\\Project\\\\amazonClone\\\\amazon-clone\\\\functions\\\\node_modules\\\\firebase-functions\\\\lib\\\\index.js\"}"}}
[debug] [2021-06-16T03:56:54.815Z] [runtime-status] [18204] Checked functions.config() {"config":{}} {"metadata":{"emulator":{"name":"functions"},"function":{"name":"us-central1-api"},"message":"[runtime-status] [18204] Checked functions.config() {\"config\":{}}"}}
[debug] [2021-06-16T03:56:54.815Z] [runtime-status] [18204] firebase-functions has been stubbed. {"functionsResolution":{"declared":true,"installed":true,"version":"3.14.1","resolution":"D:\\College\\Interview\\Project\\amazonClone\\amazon-clone\\functions\\node_modules\\firebase-functions\\lib\\index.js"}} {"metadata":{"emulator":{"name":"functions"},"function":{"name":"us-central1-api"},"message":"[runtime-status] [18204] firebase-functions has been stubbed. {\"functionsResolution\":{\"declared\":true,\"installed\":true,\"version\":\"3.14.1\",\"resolution\":\"D:\\\\College\\\\Interview\\\\Project\\\\amazonClone\\\\amazon-clone\\\\functions\\\\node_modules\\\\firebase-functions\\\\lib\\\\index.js\"}}"}}
[debug] [2021-06-16T03:56:54.816Z] [runtime-status] [18204] Resolved module firebase-functions {"declared":true,"installed":true,"version":"3.14.1","resolution":"D:\\College\\Interview\\Project\\amazonClone\\amazon-clone\\functions\\node_modules\\firebase-functions\\lib\\index.js"} {"metadata":{"emulator":{"name":"functions"},"function":{"name":"us-central1-api"},"message":"[runtime-status] [18204] Resolved module firebase-functions {\"declared\":true,\"installed\":true,\"version\":\"3.14.1\",\"resolution\":\"D:\\\\College\\\\Interview\\\\Project\\\\amazonClone\\\\amazon-clone\\\\functions\\\\node_modules\\\\firebase-functions\\\\lib\\\\index.js\"}"}}
[debug] [2021-06-16T03:56:54.817Z] [runtime-status] [18204] Resolved module firebase-admin {"declared":true,"installed":true,"version":"9.9.0","resolution":"D:\\College\\Interview\\Project\\amazonClone\\amazon-clone\\functions\\node_modules\\firebase-admin\\lib\\index.js"} {"metadata":{"emulator":{"name":"functions"},"function":{"name":"us-central1-api"},"message":"[runtime-status] [18204] Resolved module firebase-admin {\"declared\":true,\"installed\":true,\"version\":\"9.9.0\",\"resolution\":\"D:\\\\College\\\\Interview\\\\Project\\\\amazonClone\\\\amazon-clone\\\\functions\\\\node_modules\\\\firebase-admin\\\\lib\\\\index.js\"}"}}
[debug] [2021-06-16T03:56:54.818Z] [runtime-status] [18204] Resolved module firebase-functions {"declared":true,"installed":true,"version":"3.14.1","resolution":"D:\\College\\Interview\\Project\\amazonClone\\amazon-clone\\functions\\node_modules\\firebase-functions\\lib\\index.js"} {"metadata":{"emulator":{"name":"functions"},"function":{"name":"us-central1-api"},"message":"[runtime-status] [18204] Resolved module firebase-functions {\"declared\":true,\"installed\":true,\"version\":\"3.14.1\",\"resolution\":\"D:\\\\College\\\\Interview\\\\Project\\\\amazonClone\\\\amazon-clone\\\\functions\\\\node_modules\\\\firebase-functions\\\\lib\\\\index.js\"}"}}
[debug] [2021-06-16T03:56:54.819Z] [runtime-status] [18204] firebase-admin has been stubbed. {"adminResolution":{"declared":true,"installed":true,"version":"9.9.0","resolution":"D:\\College\\Interview\\Project\\amazonClone\\amazon-clone\\functions\\node_modules\\firebase-admin\\lib\\index.js"}} {"metadata":{"emulator":{"name":"functions"},"function":{"name":"us-central1-api"},"message":"[runtime-status] [18204] firebase-admin has been stubbed. {\"adminResolution\":{\"declared\":true,\"installed\":true,\"version\":\"9.9.0\",\"resolution\":\"D:\\\\College\\\\Interview\\\\Project\\\\amazonClone\\\\amazon-clone\\\\functions\\\\node_modules\\\\firebase-admin\\\\lib\\\\index.js\"}}"}}
[debug] [2021-06-16T03:57:07.134Z] [runtime-status] [18204] Trigger "us-central1-api" has been found, beginning invocation! {"metadata":{"emulator":{"name":"functions"},"function":{"name":"us-central1-api"},"message":"[runtime-status] [18204] Trigger \"us-central1-api\" has been found, beginning invocation!"}}
[info] i  functions: Beginning execution of "us-central1-api" {"metadata":{"emulator":{"name":"functions"},"function":{"name":"us-central1-api"},"message":"Beginning execution of \"us-central1-api\""}}
[debug] [2021-06-16T03:57:07.135Z] [runtime-status] [18204] triggerDefinition {"httpsTrigger":{},"name":"api","entryPoint":"api","regions":["us-central1"],"region":"us-central1","id":"us-central1-api"} {"metadata":{"emulator":{"name":"functions"},"function":{"name":"us-central1-api"},"message":"[runtime-status] [18204] triggerDefinition {\"httpsTrigger\":{},\"name\":\"api\",\"entryPoint\":\"api\",\"regions\":[\"us-central1\"],\"region\":\"us-central1\",\"id\":\"us-central1-api\"}"}}
[debug] [2021-06-16T03:57:07.136Z] [runtime-status] [18204] Running us-central1-api in mode HTTPS {"metadata":{"emulator":{"name":"functions"},"function":{"name":"us-central1-api"},"message":"[runtime-status] [18204] Running us-central1-api in mode HTTPS"}}
[debug] [2021-06-16T03:57:07.140Z] [runtime-status] [18204] Attempting to listen to socketPath: \\?\pipe\D:\College\Interview\Project\amazonClone\amazon-clone\functions\18204 {"metadata":{"emulator":{"name":"functions"},"function":{"name":"us-central1-api"},"message":"[runtime-status] [18204] Attempting to listen to socketPath: \\\\?\\pipe\\D:\\College\\Interview\\Project\\amazonClone\\amazon-clone\\functions\\18204"}}
[debug] [2021-06-16T03:57:07.151Z] [functions] Runtime ready! Sending request! {"metadata":{"emulator":{"name":"functions"},"message":"[functions] Runtime ready! Sending request!"}}
[debug] [2021-06-16T03:57:07.152Z] [functions] Got req.url=/clone-cabec/us-central1/api/payments/create?total=14200000, mapping to path=/payments/create?total=14200000 {"metadata":{"emulator":{"name":"functions"},"message":"[functions] Got req.url=/clone-cabec/us-central1/api/payments/create?total=14200000, mapping to path=/payments/create?total=14200000"}}
[debug] [2021-06-16T03:57:07.172Z] [runtime-status] [18204] Ephemeral server handling POST request {"metadata":{"emulator":{"name":"functions"},"function":{"name":"us-central1-api"},"message":"[runtime-status] [18204] Ephemeral server handling POST request"}}
[info] >  Payment request recieved BOOM!! for this amount >>>  14200000 {"user":"Payment request recieved BOOM!! for this amount >>>  14200000","metadata":{"emulator":{"name":"functions"},"function":{"name":"us-central1-api"},"message":"\u001b[90m> \u001b[39m Payment request recieved BOOM!! for this amount >>>  14200000"}}
[debug] [2021-06-16T03:57:07.196Z] [runtime-status] [18204] Ephemeral server survived. {"metadata":{"emulator":{"name":"functions"},"function":{"name":"us-central1-api"},"message":"[runtime-status] [18204] Ephemeral server survived."}}
[info] i  functions: Finished "us-central1-api" in ~1s {"metadata":{"emulator":{"name":"functions"},"function":{"name":"us-central1-api"},"message":"Finished \"us-central1-api\" in ~1s"}}
[debug] [2021-06-16T03:57:08.068Z] [worker-us-central1-api-b04d4629-2cec-4640-94b5-cb75374e6fa2]: IDLE {"metadata":{"emulator":{"name":"functions"},"message":"[worker-us-central1-api-b04d4629-2cec-4640-94b5-cb75374e6fa2]: IDLE"}}
[debug] [2021-06-16T03:57:08.069Z] [work-queue] {"queueLength":0,"workRunningCount":0}
[debug] [2021-06-16T03:59:30.019Z] Received signal SIGHUP 1
